{"C:\\Users\\utente\\Desktop\\express-mongodb\\express-mongo-otp-auth-ts\\src\\constants\\userRoles.ts": {"path":"C:\\Users\\utente\\Desktop\\express-mongodb\\express-mongo-otp-auth-ts\\src\\constants\\userRoles.ts","statementMap":{"0":{"start":{"line":1,"column":13},"end":{"line":5,"column":11}}},"fnMap":{},"branchMap":{},"s":{"0":1},"f":{},"b":{}}
,"C:\\Users\\utente\\Desktop\\express-mongodb\\express-mongo-otp-auth-ts\\src\\middleware\\validators.ts": {"path":"C:\\Users\\utente\\Desktop\\express-mongodb\\express-mongo-otp-auth-ts\\src\\middleware\\validators.ts","statementMap":{"0":{"start":{"line":1,"column":0},"end":{"line":1,"column":50}},"1":{"start":{"line":2,"column":0},"end":{"line":2,"column":40}},"2":{"start":{"line":4,"column":22},"end":{"line":4,"column":102}},"3":{"start":{"line":5,"column":35},"end":{"line":5,"column":107}},"4":{"start":{"line":7,"column":13},"end":{"line":13,"column":3}},"5":{"start":{"line":15,"column":13},"end":{"line":18,"column":3}},"6":{"start":{"line":20,"column":13},"end":{"line":23,"column":3}},"7":{"start":{"line":25,"column":13},"end":{"line":31,"column":3}},"8":{"start":{"line":33,"column":13},"end":{"line":35,"column":18}},"9":{"start":{"line":37,"column":13},"end":{"line":39,"column":18}}},"fnMap":{},"branchMap":{},"s":{"0":1,"1":1,"2":1,"3":1,"4":1,"5":1,"6":1,"7":1,"8":1,"9":1},"f":{},"b":{}}
}
